<?xml version="1.0" encoding="UTF-8"?>
<testng-results skipped="0" failed="0" ignored="0" total="1" passed="1">
  <reporter-output>
  </reporter-output>
  <suite name="Default suite" duration-ms="159" started-at="2017-10-10T10:26:54Z" finished-at="2017-10-10T10:26:54Z">
    <groups>
    </groups>
    <test name="Default test" duration-ms="159" started-at="2017-10-10T10:26:54Z" finished-at="2017-10-10T10:26:54Z">
      <class name="lfg.test.Loging">
        <test-method status="PASS" signature="f()[pri:0, instance:lfg.test.Loging@4520ebad]" name="f" duration-ms="55" started-at="2017-10-10T03:26:54Z" finished-at="2017-10-10T03:26:54Z">
          <reporter-output>
          </reporter-output>
        </test-method> <!-- f -->
      </class> <!-- lfg.test.Loging -->
    </test> <!-- Default test -->
  </suite> <!-- Default suite -->
</testng-results>
